<?xml version="1.0" encoding="windows-1250" standalone="no"?>
<!DOCTYPE log SYSTEM "logger.dtd">
<log>
<record>
  <date>2020-09-23T11:37:16</date>
  <millis>1600853836551</millis>
  <sequence>5</sequence>
  <logger>ESPlorer.ESPlorer</logger>
  <level>INFO</level>
  <class>ESPlorer.ESPlorer</class>
  <method>log</method>
  <thread>15</thread>
  <message>Load saved settings: Firmware:NodeMCU</message>
</record>
<record>
  <date>2020-09-23T11:37:16</date>
  <millis>1600853836565</millis>
  <sequence>6</sequence>
  <logger>ESPlorer.ESPlorer</logger>
  <level>INFO</level>
  <class>ESPlorer.ESPlorer</class>
  <method>log</method>
  <thread>15</thread>
  <message>Snippets: loading...</message>
</record>
<record>
  <date>2020-09-23T11:37:16</date>
  <millis>1600853836576</millis>
  <sequence>7</sequence>
  <logger>ESPlorer.ESPlorer</logger>
  <level>INFO</level>
  <class>ESPlorer.ESPlorer</class>
  <method>log</method>
  <thread>15</thread>
  <message>Snippets load: Success.</message>
</record>
<record>
  <date>2020-09-23T11:37:16</date>
  <millis>1600853836723</millis>
  <sequence>8</sequence>
  <logger>ESPlorer.ESPlorer</logger>
  <level>INFO</level>
  <class>ESPlorer.ESPlorer</class>
  <method>log</method>
  <thread>15</thread>
  <message>Set new color theme: Success.</message>
</record>
<record>
  <date>2020-09-23T11:37:16</date>
  <millis>1600853836759</millis>
  <sequence>9</sequence>
  <logger>ESPlorer.ESPlorer</logger>
  <level>INFO</level>
  <class>ESPlorer.ESPlorer</class>
  <method>log</method>
  <thread>15</thread>
  <message>Load saved settings: DONE.</message>
</record>
<record>
  <date>2020-09-23T11:37:16</date>
  <millis>1600853836761</millis>
  <sequence>10</sequence>
  <logger>ESPlorer.ESPlorer</logger>
  <level>INFO</level>
  <class>ESPlorer.ESPlorer</class>
  <method>log</method>
  <thread>15</thread>
  <message>Snippets: loading...</message>
</record>
<record>
  <date>2020-09-23T11:37:16</date>
  <millis>1600853836768</millis>
  <sequence>11</sequence>
  <logger>ESPlorer.ESPlorer</logger>
  <level>INFO</level>
  <class>ESPlorer.ESPlorer</class>
  <method>log</method>
  <thread>15</thread>
  <message>Snippets load: Success.</message>
</record>
<record>
  <date>2020-09-23T11:37:17</date>
  <millis>1600853837261</millis>
  <sequence>12</sequence>
  <logger>ESPlorer.ESPlorer</logger>
  <level>INFO</level>
  <class>ESPlorer.ESPlorer</class>
  <method>log</method>
  <thread>15</thread>
  <message>Scan system...</message>
</record>
<record>
  <date>2020-09-23T11:37:17</date>
  <millis>1600853837271</millis>
  <sequence>13</sequence>
  <logger>ESPlorer.ESPlorer</logger>
  <level>INFO</level>
  <class>ESPlorer.ESPlorer</class>
  <method>log</method>
  <thread>15</thread>
  <message>found COM1</message>
</record>
<record>
  <date>2020-09-23T11:37:17</date>
  <millis>1600853837274</millis>
  <sequence>14</sequence>
  <logger>ESPlorer.ESPlorer</logger>
  <level>INFO</level>
  <class>ESPlorer.ESPlorer</class>
  <method>log</method>
  <thread>15</thread>
  <message>found last saved serial port COM2</message>
</record>
<record>
  <date>2020-09-23T11:37:17</date>
  <millis>1600853837283</millis>
  <sequence>15</sequence>
  <logger>ESPlorer.ESPlorer</logger>
  <level>INFO</level>
  <class>ESPlorer.ESPlorer</class>
  <method>log</method>
  <thread>15</thread>
  <message>Scan done.</message>
</record>
<record>
  <date>2020-09-23T11:37:20</date>
  <millis>1600853840145</millis>
  <sequence>16</sequence>
  <logger>ESPlorer.ESPlorer</logger>
  <level>INFO</level>
  <class>ESPlorer.ESPlorer</class>
  <method>log</method>
  <thread>15</thread>
  <message>Serial port COM2 save as default.</message>
</record>
<record>
  <date>2020-09-23T11:37:20</date>
  <millis>1600853840148</millis>
  <sequence>17</sequence>
  <logger>ESPlorer.ESPlorer</logger>
  <level>INFO</level>
  <class>ESPlorer.ESPlorer</class>
  <method>log</method>
  <thread>15</thread>
  <message>Baud rate 9600 save as default.</message>
</record>
<record>
  <date>2020-09-23T11:37:20</date>
  <millis>1600853840150</millis>
  <sequence>18</sequence>
  <logger>ESPlorer.ESPlorer</logger>
  <level>INFO</level>
  <class>ESPlorer.ESPlorer</class>
  <method>log</method>
  <thread>15</thread>
  <message>Try to open port COM2, baud 9600, 8N1</message>
</record>
<record>
  <date>2020-09-23T11:37:20</date>
  <millis>1600853840215</millis>
  <sequence>19</sequence>
  <logger>ESPlorer.ESPlorer</logger>
  <level>INFO</level>
  <class>ESPlorer.ESPlorer</class>
  <method>log</method>
  <thread>15</thread>
  <message>Open port COM2 - Success.</message>
</record>
<record>
  <date>2020-09-23T11:37:36</date>
  <millis>1600853856876</millis>
  <sequence>20</sequence>
  <logger>ESPlorer.ESPlorer</logger>
  <level>INFO</level>
  <class>ESPlorer.ESPlorer</class>
  <method>log</method>
  <thread>15</thread>
  <message>sending:r,u,t=file.fsinfo() print("Total : "..t.." bytes\r\nUsed  : "..u.." bytes\r\nRemain: "..r.." bytes\r\n") r=nil u=nil t=nil&lt;CR&gt;&lt;LF&gt;</message>
</record>
<record>
  <date>2020-09-23T11:37:56</date>
  <millis>1600853876415</millis>
  <sequence>21</sequence>
  <logger>ESPlorer.ESPlorer</logger>
  <level>INFO</level>
  <class>ESPlorer.ESPlorer</class>
  <method>log</method>
  <thread>15</thread>
  <message>Snippets: loading...</message>
</record>
<record>
  <date>2020-09-23T11:37:56</date>
  <millis>1600853876419</millis>
  <sequence>22</sequence>
  <logger>ESPlorer.ESPlorer</logger>
  <level>INFO</level>
  <class>ESPlorer.ESPlorer</class>
  <method>log</method>
  <thread>15</thread>
  <message>Snippets load: Success.</message>
</record>
<record>
  <date>2020-09-23T11:37:56</date>
  <millis>1600853876506</millis>
  <sequence>23</sequence>
  <logger>ESPlorer.ESPlorer</logger>
  <level>INFO</level>
  <class>ESPlorer.ESPlorer</class>
  <method>log</method>
  <thread>15</thread>
  <message>Snippets: loading...</message>
</record>
<record>
  <date>2020-09-23T11:37:56</date>
  <millis>1600853876516</millis>
  <sequence>24</sequence>
  <logger>ESPlorer.ESPlorer</logger>
  <level>INFO</level>
  <class>ESPlorer.ESPlorer</class>
  <method>log</method>
  <thread>15</thread>
  <message>Snippets load: Success.</message>
</record>
<record>
  <date>2020-09-23T11:38:20</date>
  <millis>1600853900049</millis>
  <sequence>25</sequence>
  <logger>ESPlorer.ESPlorer</logger>
  <level>INFO</level>
  <class>ESPlorer.ESPlorer</class>
  <method>log</method>
  <thread>15</thread>
  <message>sending:file.format()&lt;CR&gt;&lt;LF&gt;</message>
</record>
<record>
  <date>2020-09-23T11:38:24</date>
  <millis>1600853904157</millis>
  <sequence>26</sequence>
  <logger>ESPlorer.ESPlorer</logger>
  <level>INFO</level>
  <class>ESPlorer.ESPlorer</class>
  <method>log</method>
  <thread>15</thread>
  <message>FileManager: Add EventListener: Success.</message>
</record>
<record>
  <date>2020-09-23T11:38:24</date>
  <millis>1600853904164</millis>
  <sequence>27</sequence>
  <logger>ESPlorer.ESPlorer</logger>
  <level>INFO</level>
  <class>ESPlorer.ESPlorer</class>
  <method>log</method>
  <thread>15</thread>
  <message>FileManager: Starting...</message>
</record>
<record>
  <date>2020-09-23T11:38:24</date>
  <millis>1600853904657</millis>
  <sequence>28</sequence>
  <logger>ESPlorer.ESPlorer</logger>
  <level>INFO</level>
  <class>ESPlorer.ESPlorer</class>
  <method>log</method>
  <thread>15</thread>
  <message>sending: _dir=function() local k,v,l print("~~~File ".."list START~~~") for k,v in pairs(file.list()) do l = string.format("%-15s",k) print(l.." : "..v.." bytes") end print("~~~File ".."list END~~~") end _dir() _dir=nil</message>
</record>
<record>
  <date>2020-09-23T11:39:46</date>
  <millis>1600853986945</millis>
  <sequence>29</sequence>
  <logger>ESPlorer.ESPlorer</logger>
  <level>INFO</level>
  <class>ESPlorer.ESPlorer</class>
  <method>log</method>
  <thread>15</thread>
  <message>Close port COM2 - Success.</message>
</record>
<record>
  <date>2020-09-23T11:39:47</date>
  <millis>1600853987869</millis>
  <sequence>30</sequence>
  <logger>ESPlorer.ESPlorer</logger>
  <level>INFO</level>
  <class>ESPlorer.ESPlorer</class>
  <method>log</method>
  <thread>15</thread>
  <message>Serial port COM2 save as default.</message>
</record>
<record>
  <date>2020-09-23T11:39:47</date>
  <millis>1600853987870</millis>
  <sequence>31</sequence>
  <logger>ESPlorer.ESPlorer</logger>
  <level>INFO</level>
  <class>ESPlorer.ESPlorer</class>
  <method>log</method>
  <thread>15</thread>
  <message>Baud rate 9600 save as default.</message>
</record>
<record>
  <date>2020-09-23T11:39:47</date>
  <millis>1600853987871</millis>
  <sequence>32</sequence>
  <logger>ESPlorer.ESPlorer</logger>
  <level>INFO</level>
  <class>ESPlorer.ESPlorer</class>
  <method>log</method>
  <thread>15</thread>
  <message>Try to open port COM2, baud 9600, 8N1</message>
</record>
<record>
  <date>2020-09-23T11:39:47</date>
  <millis>1600853987889</millis>
  <sequence>33</sequence>
  <logger>ESPlorer.ESPlorer</logger>
  <level>INFO</level>
  <class>ESPlorer.ESPlorer</class>
  <method>log</method>
  <thread>15</thread>
  <message>Open port COM2 - Success.</message>
</record>
<record>
  <date>2020-09-23T11:39:50</date>
  <millis>1600853990495</millis>
  <sequence>34</sequence>
  <logger>ESPlorer.ESPlorer</logger>
  <level>INFO</level>
  <class>ESPlorer.ESPlorer</class>
  <method>log</method>
  <thread>15</thread>
  <message>sending:=node.heap()&lt;CR&gt;&lt;LF&gt;</message>
</record>
<record>
  <date>2020-09-23T11:39:51</date>
  <millis>1600853991262</millis>
  <sequence>35</sequence>
  <logger>ESPlorer.ESPlorer</logger>
  <level>INFO</level>
  <class>ESPlorer.ESPlorer</class>
  <method>log</method>
  <thread>15</thread>
  <message>sending:=node.heap()&lt;CR&gt;&lt;LF&gt;</message>
</record>
<record>
  <date>2020-09-23T11:40:18</date>
  <millis>1600854018229</millis>
  <sequence>36</sequence>
  <logger>ESPlorer.ESPlorer</logger>
  <level>INFO</level>
  <class>ESPlorer.ESPlorer</class>
  <method>log</method>
  <thread>15</thread>
  <message>sending:r,u,t=file.fsinfo() print("Total : "..t.." bytes\r\nUsed  : "..u.." bytes\r\nRemain: "..r.." bytes\r\n") r=nil u=nil t=nil&lt;CR&gt;&lt;LF&gt;</message>
</record>
<record>
  <date>2020-09-23T11:48:01</date>
  <millis>1600854481108</millis>
  <sequence>37</sequence>
  <logger>ESPlorer.ESPlorer</logger>
  <level>INFO</level>
  <class>ESPlorer.ESPlorer</class>
  <method>log</method>
  <thread>15</thread>
  <message>jssc.SerialPortException: Port name - COM2; Method name - setEventsMask(); Exception type - Can't set mask.</message>
</record>
<record>
  <date>2020-09-23T11:48:01</date>
  <millis>1600854481112</millis>
  <sequence>38</sequence>
  <logger>ESPlorer.ESPlorer</logger>
  <level>INFO</level>
  <class>ESPlorer.ESPlorer</class>
  <method>log</method>
  <thread>15</thread>
  <message>Close port COM2 - unknown error.</message>
</record>
<record>
  <date>2020-09-23T11:48:01</date>
  <millis>1600854481547</millis>
  <sequence>39</sequence>
  <logger>ESPlorer.ESPlorer</logger>
  <level>INFO</level>
  <class>ESPlorer.ESPlorer</class>
  <method>log</method>
  <thread>15</thread>
  <message>Serial port COM2 save as default.</message>
</record>
<record>
  <date>2020-09-23T11:48:01</date>
  <millis>1600854481548</millis>
  <sequence>40</sequence>
  <logger>ESPlorer.ESPlorer</logger>
  <level>INFO</level>
  <class>ESPlorer.ESPlorer</class>
  <method>log</method>
  <thread>15</thread>
  <message>Baud rate 9600 save as default.</message>
</record>
<record>
  <date>2020-09-23T11:48:01</date>
  <millis>1600854481551</millis>
  <sequence>41</sequence>
  <logger>ESPlorer.ESPlorer</logger>
  <level>INFO</level>
  <class>ESPlorer.ESPlorer</class>
  <method>log</method>
  <thread>15</thread>
  <message>Try to open port COM2, baud 9600, 8N1</message>
</record>
<record>
  <date>2020-09-23T11:48:01</date>
  <millis>1600854481602</millis>
  <sequence>42</sequence>
  <logger>ESPlorer.ESPlorer</logger>
  <level>INFO</level>
  <class>ESPlorer.ESPlorer</class>
  <method>log</method>
  <thread>15</thread>
  <message>Open port COM2 - Success.</message>
</record>
<record>
  <date>2020-09-23T11:48:07</date>
  <millis>1600854487822</millis>
  <sequence>43</sequence>
  <logger>ESPlorer.ESPlorer</logger>
  <level>INFO</level>
  <class>ESPlorer.ESPlorer</class>
  <method>log</method>
  <thread>15</thread>
  <message>Close port COM2 - Success.</message>
</record>
<record>
  <date>2020-09-23T11:48:08</date>
  <millis>1600854488569</millis>
  <sequence>44</sequence>
  <logger>ESPlorer.ESPlorer</logger>
  <level>INFO</level>
  <class>ESPlorer.ESPlorer</class>
  <method>log</method>
  <thread>15</thread>
  <message>Serial port COM2 save as default.</message>
</record>
<record>
  <date>2020-09-23T11:48:08</date>
  <millis>1600854488570</millis>
  <sequence>45</sequence>
  <logger>ESPlorer.ESPlorer</logger>
  <level>INFO</level>
  <class>ESPlorer.ESPlorer</class>
  <method>log</method>
  <thread>15</thread>
  <message>Baud rate 9600 save as default.</message>
</record>
<record>
  <date>2020-09-23T11:48:08</date>
  <millis>1600854488573</millis>
  <sequence>46</sequence>
  <logger>ESPlorer.ESPlorer</logger>
  <level>INFO</level>
  <class>ESPlorer.ESPlorer</class>
  <method>log</method>
  <thread>15</thread>
  <message>Try to open port COM2, baud 9600, 8N1</message>
</record>
<record>
  <date>2020-09-23T11:48:08</date>
  <millis>1600854488590</millis>
  <sequence>47</sequence>
  <logger>ESPlorer.ESPlorer</logger>
  <level>INFO</level>
  <class>ESPlorer.ESPlorer</class>
  <method>log</method>
  <thread>15</thread>
  <message>Open port COM2 - Success.</message>
</record>
<record>
  <date>2020-09-23T11:48:37</date>
  <millis>1600854517928</millis>
  <sequence>48</sequence>
  <logger>ESPlorer.ESPlorer</logger>
  <level>INFO</level>
  <class>ESPlorer.ESPlorer</class>
  <method>log</method>
  <thread>15</thread>
  <message>Close port COM2 - Success.</message>
</record>
<record>
  <date>2020-09-23T11:58:27</date>
  <millis>1600855107331</millis>
  <sequence>49</sequence>
  <logger>ESPlorer.ESPlorer</logger>
  <level>INFO</level>
  <class>ESPlorer.ESPlorer</class>
  <method>log</method>
  <thread>15</thread>
  <message>Serial port COM2 save as default.</message>
</record>
<record>
  <date>2020-09-23T11:58:27</date>
  <millis>1600855107332</millis>
  <sequence>50</sequence>
  <logger>ESPlorer.ESPlorer</logger>
  <level>INFO</level>
  <class>ESPlorer.ESPlorer</class>
  <method>log</method>
  <thread>15</thread>
  <message>Baud rate 9600 save as default.</message>
</record>
<record>
  <date>2020-09-23T11:58:27</date>
  <millis>1600855107333</millis>
  <sequence>51</sequence>
  <logger>ESPlorer.ESPlorer</logger>
  <level>INFO</level>
  <class>ESPlorer.ESPlorer</class>
  <method>log</method>
  <thread>15</thread>
  <message>Try to open port COM2, baud 9600, 8N1</message>
</record>
<record>
  <date>2020-09-23T11:58:27</date>
  <millis>1600855107383</millis>
  <sequence>52</sequence>
  <logger>ESPlorer.ESPlorer</logger>
  <level>INFO</level>
  <class>ESPlorer.ESPlorer</class>
  <method>log</method>
  <thread>15</thread>
  <message>Open port COM2 - Success.</message>
</record>
<record>
  <date>2020-09-23T12:00:25</date>
  <millis>1600855225075</millis>
  <sequence>53</sequence>
  <logger>ESPlorer.ESPlorer</logger>
  <level>INFO</level>
  <class>ESPlorer.ESPlorer</class>
  <method>log</method>
  <thread>15</thread>
  <message>Close port COM2 - Success.</message>
</record>
<record>
  <date>2020-09-23T12:15:55</date>
  <millis>1600856155960</millis>
  <sequence>54</sequence>
  <logger>ESPlorer.ESPlorer</logger>
  <level>INFO</level>
  <class>ESPlorer.ESPlorer</class>
  <method>log</method>
  <thread>15</thread>
  <message>Serial port COM2 save as default.</message>
</record>
<record>
  <date>2020-09-23T12:15:55</date>
  <millis>1600856155962</millis>
  <sequence>55</sequence>
  <logger>ESPlorer.ESPlorer</logger>
  <level>INFO</level>
  <class>ESPlorer.ESPlorer</class>
  <method>log</method>
  <thread>15</thread>
  <message>Baud rate 9600 save as default.</message>
</record>
<record>
  <date>2020-09-23T12:15:55</date>
  <millis>1600856155962</millis>
  <sequence>56</sequence>
  <logger>ESPlorer.ESPlorer</logger>
  <level>INFO</level>
  <class>ESPlorer.ESPlorer</class>
  <method>log</method>
  <thread>15</thread>
  <message>Try to open port COM2, baud 9600, 8N1</message>
</record>
<record>
  <date>2020-09-23T12:15:56</date>
  <millis>1600856156013</millis>
  <sequence>57</sequence>
  <logger>ESPlorer.ESPlorer</logger>
  <level>INFO</level>
  <class>ESPlorer.ESPlorer</class>
  <method>log</method>
  <thread>15</thread>
  <message>Open port COM2 - Success.</message>
</record>
<record>
  <date>2020-09-23T12:59:10</date>
  <millis>1600858750214</millis>
  <sequence>58</sequence>
  <logger>ESPlorer.ESPlorer</logger>
  <level>INFO</level>
  <class>ESPlorer.ESPlorer</class>
  <method>log</method>
  <thread>15</thread>
  <message>jssc.SerialPortException: Port name - COM2; Method name - setEventsMask(); Exception type - Can't set mask.</message>
</record>
<record>
  <date>2020-09-23T12:59:10</date>
  <millis>1600858750216</millis>
  <sequence>59</sequence>
  <logger>ESPlorer.ESPlorer</logger>
  <level>INFO</level>
  <class>ESPlorer.ESPlorer</class>
  <method>log</method>
  <thread>15</thread>
  <message>Close port COM2 - unknown error.</message>
</record>
<record>
  <date>2020-09-23T12:59:11</date>
  <millis>1600858751048</millis>
  <sequence>60</sequence>
  <logger>ESPlorer.ESPlorer</logger>
  <level>INFO</level>
  <class>ESPlorer.ESPlorer</class>
  <method>log</method>
  <thread>15</thread>
  <message>Serial port COM2 save as default.</message>
</record>
<record>
  <date>2020-09-23T12:59:11</date>
  <millis>1600858751049</millis>
  <sequence>61</sequence>
  <logger>ESPlorer.ESPlorer</logger>
  <level>INFO</level>
  <class>ESPlorer.ESPlorer</class>
  <method>log</method>
  <thread>15</thread>
  <message>Baud rate 9600 save as default.</message>
</record>
<record>
  <date>2020-09-23T12:59:11</date>
  <millis>1600858751050</millis>
  <sequence>62</sequence>
  <logger>ESPlorer.ESPlorer</logger>
  <level>INFO</level>
  <class>ESPlorer.ESPlorer</class>
  <method>log</method>
  <thread>15</thread>
  <message>Try to open port COM2, baud 9600, 8N1</message>
</record>
<record>
  <date>2020-09-23T12:59:11</date>
  <millis>1600858751100</millis>
  <sequence>63</sequence>
  <logger>ESPlorer.ESPlorer</logger>
  <level>INFO</level>
  <class>ESPlorer.ESPlorer</class>
  <method>log</method>
  <thread>15</thread>
  <message>Open port COM2 - Success.</message>
</record>
<record>
  <date>2020-09-23T13:07:59</date>
  <millis>1600859279207</millis>
  <sequence>64</sequence>
  <logger>ESPlorer.ESPlorer</logger>
  <level>INFO</level>
  <class>ESPlorer.ESPlorer</class>
  <method>log</method>
  <thread>15</thread>
  <message>Close port COM2 - Success.</message>
</record>
<record>
  <date>2020-09-23T13:08:00</date>
  <millis>1600859280205</millis>
  <sequence>65</sequence>
  <logger>ESPlorer.ESPlorer</logger>
  <level>INFO</level>
  <class>ESPlorer.ESPlorer</class>
  <method>log</method>
  <thread>15</thread>
  <message>Serial port COM2 save as default.</message>
</record>
<record>
  <date>2020-09-23T13:08:00</date>
  <millis>1600859280206</millis>
  <sequence>66</sequence>
  <logger>ESPlorer.ESPlorer</logger>
  <level>INFO</level>
  <class>ESPlorer.ESPlorer</class>
  <method>log</method>
  <thread>15</thread>
  <message>Baud rate 9600 save as default.</message>
</record>
<record>
  <date>2020-09-23T13:08:00</date>
  <millis>1600859280207</millis>
  <sequence>67</sequence>
  <logger>ESPlorer.ESPlorer</logger>
  <level>INFO</level>
  <class>ESPlorer.ESPlorer</class>
  <method>log</method>
  <thread>15</thread>
  <message>Try to open port COM2, baud 9600, 8N1</message>
</record>
<record>
  <date>2020-09-23T13:08:00</date>
  <millis>1600859280224</millis>
  <sequence>68</sequence>
  <logger>ESPlorer.ESPlorer</logger>
  <level>INFO</level>
  <class>ESPlorer.ESPlorer</class>
  <method>log</method>
  <thread>15</thread>
  <message>Open port COM2 - Success.</message>
</record>
<record>
  <date>2020-09-23T13:08:11</date>
  <millis>1600859291637</millis>
  <sequence>69</sequence>
  <logger>ESPlorer.ESPlorer</logger>
  <level>INFO</level>
  <class>ESPlorer.ESPlorer</class>
  <method>log</method>
  <thread>15</thread>
  <message>RTS set to ON</message>
</record>
<record>
  <date>2020-09-23T13:08:12</date>
  <millis>1600859292021</millis>
  <sequence>70</sequence>
  <logger>ESPlorer.ESPlorer</logger>
  <level>INFO</level>
  <class>ESPlorer.ESPlorer</class>
  <method>log</method>
  <thread>15</thread>
  <message>DTR set to ON</message>
</record>
<record>
  <date>2020-09-23T13:08:24</date>
  <millis>1600859304105</millis>
  <sequence>71</sequence>
  <logger>ESPlorer.ESPlorer</logger>
  <level>INFO</level>
  <class>ESPlorer.ESPlorer</class>
  <method>log</method>
  <thread>15</thread>
  <message>FileManager: Add EventListener: Success.</message>
</record>
<record>
  <date>2020-09-23T13:08:24</date>
  <millis>1600859304109</millis>
  <sequence>72</sequence>
  <logger>ESPlorer.ESPlorer</logger>
  <level>INFO</level>
  <class>ESPlorer.ESPlorer</class>
  <method>log</method>
  <thread>15</thread>
  <message>FileManager: Starting...</message>
</record>
<record>
  <date>2020-09-23T13:08:24</date>
  <millis>1600859304165</millis>
  <sequence>73</sequence>
  <logger>ESPlorer.ESPlorer</logger>
  <level>INFO</level>
  <class>ESPlorer.ESPlorer</class>
  <method>log</method>
  <thread>15</thread>
  <message>sending: _dir=function() local k,v,l print("~~~File ".."list START~~~") for k,v in pairs(file.list()) do l = string.format("%-15s",k) print(l.." : "..v.." bytes") end print("~~~File ".."list END~~~") end _dir() _dir=nil</message>
</record>
<record>
  <date>2020-09-23T13:08:29</date>
  <millis>1600859309940</millis>
  <sequence>74</sequence>
  <logger>ESPlorer.ESPlorer</logger>
  <level>INFO</level>
  <class>ESPlorer.ESPlorer</class>
  <method>log</method>
  <thread>15</thread>
  <message>Close port COM2 - Success.</message>
</record>
<record>
  <date>2020-09-23T13:08:30</date>
  <millis>1600859310655</millis>
  <sequence>75</sequence>
  <logger>ESPlorer.ESPlorer</logger>
  <level>INFO</level>
  <class>ESPlorer.ESPlorer</class>
  <method>log</method>
  <thread>15</thread>
  <message>Serial port COM2 save as default.</message>
</record>
<record>
  <date>2020-09-23T13:08:30</date>
  <millis>1600859310656</millis>
  <sequence>76</sequence>
  <logger>ESPlorer.ESPlorer</logger>
  <level>INFO</level>
  <class>ESPlorer.ESPlorer</class>
  <method>log</method>
  <thread>15</thread>
  <message>Baud rate 9600 save as default.</message>
</record>
<record>
  <date>2020-09-23T13:08:30</date>
  <millis>1600859310657</millis>
  <sequence>77</sequence>
  <logger>ESPlorer.ESPlorer</logger>
  <level>INFO</level>
  <class>ESPlorer.ESPlorer</class>
  <method>log</method>
  <thread>15</thread>
  <message>Try to open port COM2, baud 9600, 8N1</message>
</record>
<record>
  <date>2020-09-23T13:08:30</date>
  <millis>1600859310673</millis>
  <sequence>78</sequence>
  <logger>ESPlorer.ESPlorer</logger>
  <level>INFO</level>
  <class>ESPlorer.ESPlorer</class>
  <method>log</method>
  <thread>15</thread>
  <message>Open port COM2 - Success.</message>
</record>
<record>
  <date>2020-09-23T13:08:34</date>
  <millis>1600859314957</millis>
  <sequence>79</sequence>
  <logger>ESPlorer.ESPlorer</logger>
  <level>INFO</level>
  <class>ESPlorer.ESPlorer</class>
  <method>log</method>
  <thread>15</thread>
  <message>sending:=node.heap()&lt;CR&gt;&lt;LF&gt;</message>
</record>
<record>
  <date>2020-09-23T13:08:35</date>
  <millis>1600859315833</millis>
  <sequence>80</sequence>
  <logger>ESPlorer.ESPlorer</logger>
  <level>INFO</level>
  <class>ESPlorer.ESPlorer</class>
  <method>log</method>
  <thread>15</thread>
  <message>sending:=node.heap()&lt;CR&gt;&lt;LF&gt;</message>
</record>
<record>
  <date>2020-09-23T13:08:36</date>
  <millis>1600859316249</millis>
  <sequence>81</sequence>
  <logger>ESPlorer.ESPlorer</logger>
  <level>INFO</level>
  <class>ESPlorer.ESPlorer</class>
  <method>log</method>
  <thread>15</thread>
  <message>sending:=node.heap()&lt;CR&gt;&lt;LF&gt;</message>
</record>
<record>
  <date>2020-09-23T13:08:36</date>
  <millis>1600859316441</millis>
  <sequence>82</sequence>
  <logger>ESPlorer.ESPlorer</logger>
  <level>INFO</level>
  <class>ESPlorer.ESPlorer</class>
  <method>log</method>
  <thread>15</thread>
  <message>sending:=node.heap()&lt;CR&gt;&lt;LF&gt;</message>
</record>
<record>
  <date>2020-09-23T13:08:36</date>
  <millis>1600859316600</millis>
  <sequence>83</sequence>
  <logger>ESPlorer.ESPlorer</logger>
  <level>INFO</level>
  <class>ESPlorer.ESPlorer</class>
  <method>log</method>
  <thread>15</thread>
  <message>sending:=node.heap()&lt;CR&gt;&lt;LF&gt;</message>
</record>
<record>
  <date>2020-09-23T13:08:36</date>
  <millis>1600859316777</millis>
  <sequence>84</sequence>
  <logger>ESPlorer.ESPlorer</logger>
  <level>INFO</level>
  <class>ESPlorer.ESPlorer</class>
  <method>log</method>
  <thread>15</thread>
  <message>sending:=node.heap()&lt;CR&gt;&lt;LF&gt;</message>
</record>
<record>
  <date>2020-09-23T13:08:36</date>
  <millis>1600859316945</millis>
  <sequence>85</sequence>
  <logger>ESPlorer.ESPlorer</logger>
  <level>INFO</level>
  <class>ESPlorer.ESPlorer</class>
  <method>log</method>
  <thread>15</thread>
  <message>sending:=node.heap()&lt;CR&gt;&lt;LF&gt;</message>
</record>
<record>
  <date>2020-09-23T13:11:10</date>
  <millis>1600859470920</millis>
  <sequence>86</sequence>
  <logger>ESPlorer.ESPlorer</logger>
  <level>INFO</level>
  <class>ESPlorer.ESPlorer</class>
  <method>log</method>
  <thread>15</thread>
  <message>jssc.SerialPortException: Port name - COM2; Method name - setEventsMask(); Exception type - Can't set mask.</message>
</record>
<record>
  <date>2020-09-23T13:11:10</date>
  <millis>1600859470921</millis>
  <sequence>87</sequence>
  <logger>ESPlorer.ESPlorer</logger>
  <level>INFO</level>
  <class>ESPlorer.ESPlorer</class>
  <method>log</method>
  <thread>15</thread>
  <message>Close port COM2 - unknown error.</message>
</record>
<record>
  <date>2020-09-23T13:11:11</date>
  <millis>1600859471326</millis>
  <sequence>88</sequence>
  <logger>ESPlorer.ESPlorer</logger>
  <level>INFO</level>
  <class>ESPlorer.ESPlorer</class>
  <method>log</method>
  <thread>15</thread>
  <message>Serial port COM2 save as default.</message>
</record>
<record>
  <date>2020-09-23T13:11:11</date>
  <millis>1600859471327</millis>
  <sequence>89</sequence>
  <logger>ESPlorer.ESPlorer</logger>
  <level>INFO</level>
  <class>ESPlorer.ESPlorer</class>
  <method>log</method>
  <thread>15</thread>
  <message>Baud rate 9600 save as default.</message>
</record>
<record>
  <date>2020-09-23T13:11:11</date>
  <millis>1600859471328</millis>
  <sequence>90</sequence>
  <logger>ESPlorer.ESPlorer</logger>
  <level>INFO</level>
  <class>ESPlorer.ESPlorer</class>
  <method>log</method>
  <thread>15</thread>
  <message>Try to open port COM2, baud 9600, 8N1</message>
</record>
<record>
  <date>2020-09-23T13:11:11</date>
  <millis>1600859471344</millis>
  <sequence>91</sequence>
  <logger>ESPlorer.ESPlorer</logger>
  <level>INFO</level>
  <class>ESPlorer.ESPlorer</class>
  <method>log</method>
  <thread>15</thread>
  <message>Open port COM2 - Success.</message>
</record>
<record>
  <date>2020-09-23T13:12:56</date>
  <millis>1600859576606</millis>
  <sequence>92</sequence>
  <logger>ESPlorer.ESPlorer</logger>
  <level>INFO</level>
  <class>ESPlorer.ESPlorer</class>
  <method>log</method>
  <thread>15</thread>
  <message>Close port COM2 - Success.</message>
</record>
</log>
